[2023-03-08T22:52:28.028Z] [INFO] com.todo.alfredo.todoapialfredo.TodoApiAlfredoApplication [restartedMain] Starting TodoApiAlfredoApplication using Java 17.0.5 on DESKTOP-L15O3FA with PID 1436 (C:\Users\Alfredo\Desktop\mini proyecto Spring\todo-api-alfredo\target\classes started by Alfredo in C:\Users\Alfredo\Desktop\mini proyecto Spring\todo-api-alfredo)
[2023-03-08T22:52:28.028Z] [INFO] com.todo.alfredo.todoapialfredo.TodoApiAlfredoApplication [restartedMain] No active profile set, falling back to 1 default profile: "default"
[2023-03-08T22:52:28.028Z] [INFO] org.springframework.boot.devtools.env.DevToolsPropertyDefaultsPostProcessor [restartedMain] Devtools property defaults active! Set 'spring.devtools.add-properties' to 'false' to disable
[2023-03-08T22:52:28.028Z] [INFO] org.springframework.boot.devtools.env.DevToolsPropertyDefaultsPostProcessor [restartedMain] For additional web related logging consider setting the 'logging.level.web' property to 'DEBUG'
[2023-03-08T22:52:29.029Z] [INFO] org.springframework.data.repository.config.RepositoryConfigurationDelegate [restartedMain] Bootstrapping Spring Data JPA repositories in DEFAULT mode.
[2023-03-08T22:52:29.029Z] [INFO] org.springframework.data.repository.config.RepositoryConfigurationDelegate [restartedMain] Finished Spring Data repository scanning in 8 ms. Found 0 JPA repository interfaces.
[2023-03-08T22:52:30.030Z] [INFO] org.springframework.boot.web.embedded.tomcat.TomcatWebServer [restartedMain] Tomcat initialized with port(s): 8080 (http)
[2023-03-08T22:52:30.030Z] [INFO] org.apache.catalina.core.StandardService [restartedMain] Starting service [Tomcat]
[2023-03-08T22:52:30.030Z] [INFO] org.apache.catalina.core.StandardEngine [restartedMain] Starting Servlet engine: [Apache Tomcat/9.0.70]
[2023-03-08T22:52:30.030Z] [INFO] org.apache.catalina.core.ContainerBase.[Tomcat].[localhost].[/] [restartedMain] Initializing Spring embedded WebApplicationContext
[2023-03-08T22:52:30.030Z] [INFO] org.springframework.boot.web.servlet.context.ServletWebServerApplicationContext [restartedMain] Root WebApplicationContext: initialization completed in 2548 ms
[2023-03-08T22:54:14.014Z] [INFO] com.todo.alfredo.todoapialfredo.TodoApiAlfredoApplicationTests [main] Starting TodoApiAlfredoApplicationTests using Java 17.0.5 on DESKTOP-L15O3FA with PID 7868 (started by Alfredo in C:\Users\Alfredo\Desktop\mini proyecto Spring\todo-api-alfredo)
[2023-03-08T22:54:14.014Z] [INFO] com.todo.alfredo.todoapialfredo.TodoApiAlfredoApplicationTests [main] No active profile set, falling back to 1 default profile: "default"
[2023-03-08T22:54:16.016Z] [INFO] org.springframework.data.repository.config.RepositoryConfigurationDelegate [main] Bootstrapping Spring Data JPA repositories in DEFAULT mode.
[2023-03-08T22:54:16.016Z] [INFO] org.springframework.data.repository.config.RepositoryConfigurationDelegate [main] Finished Spring Data repository scanning in 10 ms. Found 0 JPA repository interfaces.
[2023-03-08T22:54:18.018Z] [INFO] org.hibernate.jpa.internal.util.LogHelper [main] HHH000204: Processing PersistenceUnitInfo [name: default]
[2023-03-08T22:54:18.018Z] [INFO] org.hibernate.Version [main] HHH000412: Hibernate ORM core version 5.6.14.Final
[2023-03-08T22:54:18.018Z] [INFO] org.hibernate.annotations.common.Version [main] HCANN000001: Hibernate Commons Annotations {5.1.2.Final}
[2023-03-08T22:54:19.019Z] [INFO] com.zaxxer.hikari.HikariDataSource [main] HikariPool-1 - Starting...
[2023-03-08T22:54:19.019Z] [INFO] com.zaxxer.hikari.HikariDataSource [main] HikariPool-1 - Start completed.
[2023-03-08T22:54:19.019Z] [INFO] org.hibernate.dialect.Dialect [main] HHH000400: Using dialect: org.hibernate.dialect.MySQL57Dialect
[2023-03-08T22:54:20.020Z] [INFO] org.hibernate.engine.transaction.jta.platform.internal.JtaPlatformInitiator [main] HHH000490: Using JtaPlatform implementation: [org.hibernate.engine.transaction.jta.platform.internal.NoJtaPlatform]
[2023-03-08T22:54:20.020Z] [INFO] org.springframework.orm.jpa.LocalContainerEntityManagerFactoryBean [main] Initialized JPA EntityManagerFactory for persistence unit 'default'
[2023-03-08T22:54:20.020Z] [WARN] org.springframework.boot.autoconfigure.orm.jpa.JpaBaseConfiguration$JpaWebConfiguration [main] spring.jpa.open-in-view is enabled by default. Therefore, database queries may be performed during view rendering. Explicitly configure spring.jpa.open-in-view to disable this warning
[2023-03-08T22:54:23.023Z] [INFO] org.springframework.boot.actuate.endpoint.web.EndpointLinksResolver [main] Exposing 14 endpoint(s) beneath base path '/actuator'
[2023-03-08T22:54:23.023Z] [INFO] org.springframework.security.web.DefaultSecurityFilterChain [main] Will secure any request with [org.springframework.security.web.session.DisableEncodeUrlFilter@5b31a9e3, org.springframework.security.web.context.request.async.WebAsyncManagerIntegrationFilter@282240, org.springframework.security.web.context.SecurityContextPersistenceFilter@7f31937b, org.springframework.security.web.header.HeaderWriterFilter@2a4bd699, org.springframework.web.filter.CorsFilter@3b590f6a, org.springframework.security.web.csrf.CsrfFilter@1ec4fdcf, org.springframework.security.web.authentication.logout.LogoutFilter@2d36add1, org.springframework.security.web.authentication.UsernamePasswordAuthenticationFilter@7167d81b, org.springframework.security.web.authentication.ui.DefaultLoginPageGeneratingFilter@23ffc910, org.springframework.security.web.authentication.ui.DefaultLogoutPageGeneratingFilter@1e160a9e, org.springframework.security.web.authentication.www.BasicAuthenticationFilter@48126a17, org.springframework.security.web.savedrequest.RequestCacheAwareFilter@6e612122, org.springframework.security.web.servletapi.SecurityContextHolderAwareRequestFilter@1d38cdde, org.springframework.security.web.authentication.AnonymousAuthenticationFilter@483ed60e, org.springframework.security.web.session.SessionManagementFilter@2552181d, org.springframework.security.web.access.ExceptionTranslationFilter@4f1a5b93, org.springframework.security.web.access.intercept.FilterSecurityInterceptor@c02a1be]
[2023-03-08T22:54:23.023Z] [INFO] com.todo.alfredo.todoapialfredo.TodoApiAlfredoApplicationTests [main] Started TodoApiAlfredoApplicationTests in 9.457 seconds (JVM running for 11.653)
[2023-03-08T22:54:24.024Z] [INFO] org.springframework.orm.jpa.LocalContainerEntityManagerFactoryBean [SpringApplicationShutdownHook] Closing JPA EntityManagerFactory for persistence unit 'default'
[2023-03-08T22:54:24.024Z] [INFO] com.zaxxer.hikari.HikariDataSource [SpringApplicationShutdownHook] HikariPool-1 - Shutdown initiated...
[2023-03-08T22:54:24.024Z] [INFO] com.zaxxer.hikari.HikariDataSource [SpringApplicationShutdownHook] HikariPool-1 - Shutdown completed.
[2023-03-08T23:03:12.012Z] [INFO] com.todo.alfredo.todoapialfredo.TodoApiAlfredoApplication [restartedMain] Starting TodoApiAlfredoApplication using Java 17.0.5 on DESKTOP-L15O3FA with PID 2180 (C:\Users\Alfredo\Desktop\mini proyecto Spring\todo-api-alfredo\target\classes started by Alfredo in C:\Users\Alfredo\Desktop\mini proyecto Spring\todo-api-alfredo)
[2023-03-08T23:03:12.012Z] [INFO] com.todo.alfredo.todoapialfredo.TodoApiAlfredoApplication [restartedMain] No active profile set, falling back to 1 default profile: "default"
[2023-03-08T23:03:12.012Z] [INFO] org.springframework.boot.devtools.env.DevToolsPropertyDefaultsPostProcessor [restartedMain] Devtools property defaults active! Set 'spring.devtools.add-properties' to 'false' to disable
[2023-03-08T23:03:12.012Z] [INFO] org.springframework.boot.devtools.env.DevToolsPropertyDefaultsPostProcessor [restartedMain] For additional web related logging consider setting the 'logging.level.web' property to 'DEBUG'
[2023-03-08T23:03:13.013Z] [INFO] org.springframework.data.repository.config.RepositoryConfigurationDelegate [restartedMain] Bootstrapping Spring Data JPA repositories in DEFAULT mode.
[2023-03-08T23:03:13.013Z] [INFO] org.springframework.data.repository.config.RepositoryConfigurationDelegate [restartedMain] Finished Spring Data repository scanning in 5 ms. Found 0 JPA repository interfaces.
[2023-03-08T23:03:14.014Z] [INFO] org.springframework.boot.web.embedded.tomcat.TomcatWebServer [restartedMain] Tomcat initialized with port(s): 8080 (http)
[2023-03-08T23:03:14.014Z] [INFO] org.apache.catalina.core.StandardService [restartedMain] Starting service [Tomcat]
[2023-03-08T23:03:14.014Z] [INFO] org.apache.catalina.core.StandardEngine [restartedMain] Starting Servlet engine: [Apache Tomcat/9.0.70]
[2023-03-08T23:03:14.014Z] [INFO] org.apache.catalina.core.ContainerBase.[Tomcat].[localhost].[/] [restartedMain] Initializing Spring embedded WebApplicationContext
[2023-03-08T23:03:14.014Z] [INFO] org.springframework.boot.web.servlet.context.ServletWebServerApplicationContext [restartedMain] Root WebApplicationContext: initialization completed in 2128 ms
[2023-03-08T23:03:14.014Z] [INFO] org.hibernate.jpa.internal.util.LogHelper [restartedMain] HHH000204: Processing PersistenceUnitInfo [name: default]
[2023-03-08T23:03:14.014Z] [INFO] org.hibernate.Version [restartedMain] HHH000412: Hibernate ORM core version 5.6.14.Final
[2023-03-08T23:03:15.015Z] [INFO] org.hibernate.annotations.common.Version [restartedMain] HCANN000001: Hibernate Commons Annotations {5.1.2.Final}
[2023-03-08T23:03:15.015Z] [INFO] com.zaxxer.hikari.HikariDataSource [restartedMain] HikariPool-1 - Starting...
[2023-03-08T23:03:15.015Z] [INFO] com.zaxxer.hikari.HikariDataSource [restartedMain] HikariPool-1 - Start completed.
[2023-03-08T23:03:15.015Z] [INFO] org.hibernate.dialect.Dialect [restartedMain] HHH000400: Using dialect: org.hibernate.dialect.MySQL57Dialect
[2023-03-08T23:03:16.016Z] [INFO] org.hibernate.engine.transaction.jta.platform.internal.JtaPlatformInitiator [restartedMain] HHH000490: Using JtaPlatform implementation: [org.hibernate.engine.transaction.jta.platform.internal.NoJtaPlatform]
[2023-03-08T23:03:16.016Z] [INFO] org.springframework.orm.jpa.LocalContainerEntityManagerFactoryBean [restartedMain] Initialized JPA EntityManagerFactory for persistence unit 'default'
[2023-03-08T23:03:16.016Z] [WARN] org.springframework.boot.autoconfigure.orm.jpa.JpaBaseConfiguration$JpaWebConfiguration [restartedMain] spring.jpa.open-in-view is enabled by default. Therefore, database queries may be performed during view rendering. Explicitly configure spring.jpa.open-in-view to disable this warning
[2023-03-08T23:03:16.016Z] [INFO] org.springframework.boot.actuate.endpoint.web.EndpointLinksResolver [restartedMain] Exposing 14 endpoint(s) beneath base path '/actuator'
[2023-03-08T23:03:16.016Z] [INFO] org.springframework.security.web.DefaultSecurityFilterChain [restartedMain] Will secure any request with [org.springframework.security.web.session.DisableEncodeUrlFilter@4c688a25, org.springframework.security.web.context.request.async.WebAsyncManagerIntegrationFilter@689a6ec1, org.springframework.security.web.context.SecurityContextPersistenceFilter@876848b, org.springframework.security.web.header.HeaderWriterFilter@2015cfa2, org.springframework.web.filter.CorsFilter@30898ba3, org.springframework.security.web.csrf.CsrfFilter@2b60173c, org.springframework.security.web.authentication.logout.LogoutFilter@75abb6e0, org.springframework.security.web.authentication.UsernamePasswordAuthenticationFilter@792becd1, org.springframework.security.web.authentication.ui.DefaultLoginPageGeneratingFilter@52171956, org.springframework.security.web.authentication.ui.DefaultLogoutPageGeneratingFilter@360e745e, org.springframework.security.web.authentication.www.BasicAuthenticationFilter@6188bbc2, org.springframework.security.web.savedrequest.RequestCacheAwareFilter@796c5129, org.springframework.security.web.servletapi.SecurityContextHolderAwareRequestFilter@c983c0d, org.springframework.security.web.authentication.AnonymousAuthenticationFilter@3ebff918, org.springframework.security.web.session.SessionManagementFilter@581cf4a3, org.springframework.security.web.access.ExceptionTranslationFilter@1df4495c, org.springframework.security.web.access.intercept.FilterSecurityInterceptor@156e903e]
[2023-03-08T23:03:16.016Z] [INFO] org.springframework.boot.devtools.autoconfigure.OptionalLiveReloadServer [restartedMain] LiveReload server is running on port 35729
[2023-03-08T23:03:16.016Z] [INFO] org.springframework.boot.web.embedded.tomcat.TomcatWebServer [restartedMain] Tomcat started on port(s): 8080 (http) with context path ''
[2023-03-08T23:03:16.016Z] [INFO] com.todo.alfredo.todoapialfredo.TodoApiAlfredoApplication [restartedMain] Started TodoApiAlfredoApplication in 5.312 seconds (JVM running for 6.123)
